SF:lib\utilTypes\option.dart
DA:2,6
DA:10,6
DA:11,6
DA:13,6
DA:16,1
DA:20,2
DA:27,2
DA:28,0
DA:30,0
DA:33,1
DA:37,1
LF:11
LH:9
end_of_record
SF:lib\screen\add_activity.dart
DA:18,1
DA:20,3
DA:22,1
DA:23,3
DA:25,2
DA:26,0
DA:30,1
DA:32,4
DA:34,3
DA:35,1
DA:36,1
DA:38,1
DA:39,1
DA:43,1
DA:45,1
DA:46,1
DA:50,1
DA:51,1
DA:52,1
DA:53,2
DA:54,1
DA:55,0
DA:56,0
DA:58,0
DA:60,0
DA:65,2
DA:66,0
DA:67,0
DA:68,0
DA:72,1
DA:74,1
DA:75,0
DA:77,0
DA:83,1
DA:85,0
DA:87,0
DA:88,0
DA:90,0
DA:95,1
LF:39
LH:25
end_of_record
SF:lib\screen\main_screen.dart
DA:11,1
DA:14,1
DA:16,3
DA:18,1
DA:19,1
DA:21,1
DA:22,1
DA:26,1
DA:28,4
DA:30,1
DA:31,2
DA:34,1
DA:35,1
DA:36,0
DA:38,0
DA:39,0
DA:41,0
DA:44,1
LF:18
LH:14
end_of_record
SF:lib\service\database_service.dart
DA:9,6
DA:11,6
DA:12,6
DA:16,0
DA:17,0
DA:18,0
DA:19,0
DA:20,0
DA:23,0
DA:24,0
DA:30,12
DA:34,12
DA:38,12
DA:50,12
DA:59,12
DA:66,12
DA:79,6
DA:80,6
LF:18
LH:11
end_of_record
SF:lib\main.dart
DA:7,0
DA:8,0
DA:9,0
DA:13,9
DA:15,1
DA:17,1
DA:18,1
DA:21,1
DA:22,1
DA:24,1
LF:10
LH:7
end_of_record
SF:lib\colors\app_text_styles.dart
DA:5,0
DA:12,0
DA:19,0
DA:26,0
LF:4
LH:0
end_of_record
SF:lib\components\activity_card.dart
DA:12,0
DA:14,0
DA:16,0
DA:17,0
DA:18,0
DA:20,0
DA:22,0
DA:26,0
DA:27,0
DA:30,0
DA:31,0
DA:35,0
DA:37,0
DA:38,0
DA:43,0
DA:46,0
DA:47,0
DA:48,0
LF:18
LH:0
end_of_record
SF:lib\model\activity.dart
DA:9,1
DA:16,1
DA:20,1
DA:31,1
DA:43,1
DA:44,1
DA:45,1
DA:46,1
DA:47,1
DA:48,2
DA:49,2
DA:50,1
DA:52,2
DA:53,2
DA:55,3
DA:56,3
DA:58,3
DA:59,0
LF:18
LH:17
end_of_record
SF:lib\screen\activity_detail.dart
DA:19,0
DA:20,0
DA:22,0
DA:23,0
DA:29,0
DA:31,0
DA:32,0
DA:35,0
DA:37,0
DA:39,0
DA:40,0
DA:41,0
DA:47,0
DA:49,0
DA:51,0
DA:53,0
DA:55,0
DA:56,0
DA:57,0
DA:58,0
DA:59,0
DA:64,0
DA:65,0
DA:70,0
DA:71,0
DA:72,0
DA:74,0
DA:76,0
DA:77,0
DA:88,0
DA:92,0
DA:97,0
DA:101,0
DA:106,0
DA:108,0
DA:110,0
DA:113,0
DA:114,0
DA:115,0
DA:116,0
DA:121,0
DA:125,0
DA:128,0
DA:129,0
DA:130,0
DA:132,0
DA:133,0
DA:134,0
DA:137,0
DA:138,0
DA:139,0
DA:140,0
DA:149,0
DA:150,0
DA:155,0
DA:156,0
DA:164,0
DA:166,0
DA:168,0
DA:169,0
DA:177,0
DA:179,0
DA:180,0
DA:181,0
DA:182,0
DA:184,0
DA:185,0
DA:186,0
DA:199,0
DA:205,0
DA:206,0
DA:207,0
DA:210,0
DA:211,0
DA:212,0
DA:214,0
DA:217,0
DA:219,0
DA:220,0
DA:229,0
DA:231,0
LF:81
LH:0
end_of_record
SF:lib\controller\add_activity_controller.dart
DA:15,1
DA:16,1
DA:31,1
DA:32,4
DA:33,2
DA:34,5
DA:35,4
DA:36,2
DA:37,1
DA:41,0
DA:42,0
DA:43,0
DA:44,0
DA:45,0
DA:46,0
DA:47,0
DA:52,0
DA:56,0
DA:57,0
DA:58,0
DA:60,0
DA:62,0
DA:67,0
DA:68,0
DA:69,0
DA:70,0
DA:71,0
DA:72,0
DA:75,0
DA:76,0
DA:77,0
DA:78,0
DA:79,0
DA:80,0
DA:81,0
DA:83,0
DA:84,0
DA:89,0
DA:90,0
DA:92,0
DA:93,0
DA:94,0
DA:97,0
DA:98,0
DA:100,0
DA:102,0
DA:103,0
DA:104,0
DA:106,0
DA:107,0
DA:108,0
DA:109,0
DA:110,0
LF:53
LH:9
end_of_record
SF:lib\controller\main_screen_controller.dart
DA:11,1
DA:12,1
DA:25,1
DA:26,2
DA:27,0
DA:28,0
DA:29,0
DA:31,0
DA:34,2
DA:36,1
DA:37,0
DA:38,0
DA:39,0
DA:40,0
DA:42,0
DA:43,0
DA:50,0
DA:51,0
DA:52,0
DA:53,0
DA:57,1
DA:58,4
DA:59,0
DA:60,0
DA:61,0
LF:25
LH:8
end_of_record
SF:lib\model\category.dart
DA:3,5
DA:4,5
DA:8,5
DA:9,5
DA:10,5
DA:12,10
DA:13,4
LF:7
LH:7
end_of_record
SF:lib\model\location.dart
DA:5,0
DA:6,2
DA:13,3
DA:18,2
DA:19,2
DA:20,2
DA:21,2
DA:22,2
DA:23,2
DA:26,4
DA:27,2
DA:29,4
DA:30,0
LF:13
LH:11
end_of_record
SF:lib\model\weather.dart
DA:5,2
DA:13,2
DA:18,2
DA:37,0
DA:39,2
DA:40,2
DA:41,2
DA:42,2
DA:43,2
DA:44,2
DA:45,2
DA:46,2
DA:47,2
DA:49,4
DA:50,2
DA:52,4
DA:53,0
LF:17
LH:15
end_of_record
SF:lib\repository\activity_repository.dart
DA:21,4
DA:27,1
DA:32,1
DA:33,1
DA:34,1
DA:36,1
DA:38,1
DA:39,0
DA:43,1
DA:44,1
DA:45,3
DA:46,2
DA:47,2
DA:48,2
DA:49,2
DA:51,2
DA:52,1
DA:54,1
DA:55,1
DA:59,2
DA:60,2
DA:61,1
DA:62,1
DA:65,1
DA:70,1
DA:74,3
DA:75,1
DA:76,2
DA:77,2
DA:78,1
DA:81,1
DA:84,3
DA:86,3
DA:92,2
DA:93,2
DA:94,1
DA:100,1
DA:101,0
DA:102,0
DA:103,0
DA:109,2
DA:110,2
DA:111,1
DA:115,2
DA:126,1
DA:133,0
DA:138,2
DA:139,0
DA:141,2
DA:142,1
DA:143,0
DA:145,1
DA:147,3
DA:148,3
DA:149,3
DA:150,3
DA:156,3
DA:157,2
DA:159,0
DA:162,1
DA:163,3
DA:164,3
DA:168,5
DA:169,3
DA:172,1
DA:173,0
DA:178,2
DA:179,2
DA:180,4
DA:181,2
DA:182,3
DA:184,4
DA:189,1
DA:190,1
DA:191,0
DA:193,1
DA:194,1
DA:196,2
DA:197,2
DA:198,1
DA:200,0
DA:201,0
DA:206,1
DA:208,1
DA:209,1
DA:210,1
DA:211,1
DA:212,1
DA:213,1
DA:215,1
DA:216,1
DA:217,1
DA:218,1
DA:219,1
DA:221,1
LF:95
LH:83
end_of_record
SF:lib\repository\category_repository.dart
DA:10,12
DA:11,5
DA:13,4
DA:14,15
DA:15,10
DA:19,5
DA:21,5
DA:22,0
DA:24,0
DA:25,15
DA:26,5
DA:27,0
DA:29,10
DA:30,5
DA:34,0
DA:36,0
DA:37,0
DA:38,0
DA:41,0
DA:42,0
DA:43,0
DA:46,1
DA:47,1
DA:48,4
DA:49,1
DA:50,2
DA:51,2
DA:56,1
DA:57,1
DA:58,2
DA:59,1
DA:60,1
DA:61,0
DA:71,5
DA:73,5
DA:74,5
DA:75,5
LF:37
LH:26
end_of_record
SF:lib\widget\pretty_textfield_with_cb.dart
DA:5,1
DA:6,2
DA:12,1
DA:14,1
DA:15,1
DA:16,0
DA:17,0
DA:18,0
DA:21,1
DA:22,1
DA:23,1
DA:25,1
LF:12
LH:9
end_of_record
SF:lib\exception\custom_exception.dart
DA:3,2
DA:5,0
DA:6,0
LF:3
LH:1
end_of_record
SF:lib\exception\no_id_exception.dart
DA:4,0
LF:1
LH:0
end_of_record
SF:lib\exception\unregistered_component_exception.dart
DA:4,0
DA:5,0
LF:2
LH:0
end_of_record
SF:lib\exception\unsupported_param_exception.dart
DA:4,0
LF:1
LH:0
end_of_record
SF:lib\layout\home_layout.dart
DA:15,0
DA:16,0
DA:26,1
DA:28,3
DA:29,6
DA:30,1
DA:31,3
DA:32,2
DA:33,1
DA:34,1
DA:35,1
LF:11
LH:9
end_of_record
SF:lib\model\evidence_image.dart
DA:8,4
DA:9,2
DA:10,2
DA:16,2
DA:17,6
DA:18,4
DA:19,0
DA:21,4
DA:22,0
LF:9
LH:7
end_of_record
SF:lib\repository\base_repository.dart
DA:7,6
LF:1
LH:1
end_of_record
SF:lib\repository\evidence_repository.dart
DA:12,6
DA:13,2
DA:15,1
DA:16,6
DA:17,4
DA:21,2
DA:23,2
DA:24,0
DA:26,0
DA:27,6
DA:28,2
DA:29,0
DA:31,4
DA:32,2
DA:35,2
DA:37,2
DA:38,2
DA:39,2
DA:40,2
DA:43,0
DA:45,0
DA:46,0
DA:48,0
DA:50,0
DA:51,0
DA:52,0
DA:55,1
DA:59,0
DA:60,1
DA:61,1
DA:63,1
DA:65,1
DA:66,1
DA:69,1
DA:70,1
DA:71,1
LF:36
LH:25
end_of_record
SF:lib\repository\location_repository.dart
DA:11,6
DA:12,2
DA:17,1
DA:18,6
DA:19,4
DA:23,2
DA:28,2
DA:29,0
DA:31,1
DA:32,2
DA:33,2
DA:35,2
DA:37,2
DA:38,0
DA:40,4
DA:41,2
DA:44,2
DA:46,2
DA:47,2
DA:48,2
DA:49,2
DA:50,2
DA:51,2
DA:60,1
DA:65,2
DA:66,0
DA:68,1
DA:70,1
DA:71,1
DA:72,1
DA:74,2
DA:76,2
DA:77,2
DA:81,1
DA:85,0
DA:86,1
DA:87,1
DA:89,1
DA:91,1
DA:92,0
DA:95,1
DA:96,1
DA:97,1
LF:43
LH:38
end_of_record
SF:lib\repository\weather_repository.dart
DA:11,6
DA:12,2
DA:17,2
DA:18,0
DA:20,1
DA:21,2
DA:22,2
DA:24,2
DA:26,2
DA:27,0
DA:29,4
DA:30,2
DA:33,2
DA:35,2
DA:36,2
DA:37,2
DA:38,2
DA:39,2
DA:40,2
DA:41,2
DA:42,2
DA:44,2
DA:56,2
DA:58,1
DA:59,6
DA:60,4
DA:64,1
DA:69,2
DA:70,0
DA:72,1
DA:74,1
DA:75,1
DA:76,1
DA:78,2
DA:80,2
DA:81,2
DA:85,1
DA:89,0
DA:90,1
DA:91,1
DA:93,1
DA:95,1
DA:96,0
DA:99,1
DA:100,1
DA:101,1
LF:46
LH:41
end_of_record
SF:lib\utilTypes\result.dart
DA:9,4
DA:11,3
DA:13,3
DA:17,2
DA:22,1
DA:32,1
DA:34,0
DA:36,0
DA:39,1
DA:44,1
LF:10
LH:8
end_of_record
SF:lib\exception\location_permission_denied_exception.dart
DA:4,1
LF:1
LH:1
end_of_record
SF:lib\exception\location_permission_denied_forever_exception.dart
DA:4,1
DA:5,1
LF:2
LH:2
end_of_record
SF:lib\service\location\location_service.dart
DA:10,1
DA:11,0
DA:13,1
DA:14,2
DA:15,1
DA:16,2
DA:17,1
DA:18,1
DA:22,1
DA:23,1
DA:26,2
DA:32,1
DA:33,1
DA:34,1
DA:35,1
LF:15
LH:14
end_of_record
SF:lib\exception\weather_fetch_exception.dart
DA:4,1
DA:5,2
LF:2
LH:2
end_of_record
SF:lib\service\weather\weather_service.dart
DA:11,1
DA:13,1
DA:16,1
DA:19,1
DA:20,1
DA:23,2
DA:25,1
DA:30,2
DA:31,2
DA:34,2
DA:37,1
DA:38,2
DA:39,1
DA:40,1
DA:43,3
DA:49,1
DA:51,2
DA:52,3
DA:53,2
DA:55,3
DA:56,2
DA:57,2
DA:61,1
DA:64,1
DA:65,1
DA:68,4
DA:69,0
DA:70,0
DA:73,1
DA:74,3
DA:82,1
DA:83,1
DA:86,1
DA:87,1
DA:88,1
DA:90,1
DA:96,1
DA:100,1
DA:101,2
LF:39
LH:37
end_of_record
SF:lib\exception\missing_location.dart
DA:4,2
LF:1
LH:1
end_of_record
SF:lib\exception\weather_parse_exception.dart
DA:4,3
LF:1
LH:1
end_of_record
